<?xml version="1.0" encoding="UTF-8"?>
<!-- Generated by org.testng.reporters.JUnitReportReporter -->
<testsuite hostname="guillaume-HP-Z200-Workstation" name="entropy.tools.VMsPerMemTest" tests="1" failures="0" timestamp="29 Nov 2013 15:46:09 GMT" time="0.003" errors="0">
  <testcase name="testSimpleORdering" time="0.003" classname="entropy.tools.VMsPerMemTest"/>
</testsuite> <!-- entropy.tools.VMsPerMemTest -->
