<?xml version="1.0" encoding="UTF-8"?>
<!-- Generated by org.testng.reporters.JUnitReportReporter -->
<testsuite hostname="guillaume-HP-Z200-Workstation" name="entropy.core.packers.TestFastBinPacking" tests="2" failures="0" timestamp="29 Nov 2013 15:46:09 GMT" time="0.566" errors="0">
  <testcase name="testLoadSup" time="0.433" classname="entropy.core.packers.TestFastBinPacking"/>
  <testcase name="testGuillaume" time="0.133" classname="entropy.core.packers.TestFastBinPacking"/>
</testsuite> <!-- entropy.core.packers.TestFastBinPacking -->
