<?xml version="1.0" encoding="UTF-8"?>
<!-- Generated by org.testng.reporters.JUnitReportReporter -->
<testsuite hostname="guillaume-HP-Z200-Workstation" name="entropy.configuration.TestSimpleNode" tests="8" failures="0" timestamp="29 Nov 2013 15:46:09 GMT" time="0.003" errors="0">
  <testcase name="testNbOfCPUs" time="0.000" classname="entropy.configuration.TestSimpleNode"/>
  <testcase name="testCPUCapacity" time="0.001" classname="entropy.configuration.TestSimpleNode"/>
  <testcase name="testLazyConstructor" time="0.001" classname="entropy.configuration.TestSimpleNode"/>
  <testcase name="testMemoryTotal" time="0.001" classname="entropy.configuration.TestSimpleNode"/>
  <testcase name="testCopyConstructor" time="0.000" classname="entropy.configuration.TestSimpleNode"/>
  <testcase name="testPlatform" time="0.000" classname="entropy.configuration.TestSimpleNode"/>
  <testcase name="testIPAddress" time="0.000" classname="entropy.configuration.TestSimpleNode"/>
  <testcase name="testEquals" time="0.000" classname="entropy.configuration.TestSimpleNode"/>
</testsuite> <!-- entropy.configuration.TestSimpleNode -->
