<?xml version="1.0" encoding="UTF-8"?>
<!-- Generated by org.testng.reporters.JUnitReportReporter -->
<testsuite hostname="guillaume-HP-Z200-Workstation" name="entropy.configuration.TestConfigurationGenerator" tests="3" failures="0" timestamp="29 Nov 2013 15:46:09 GMT" time="0.015" errors="0">
  <testcase name="testBunchOfVMs" time="0.002" classname="entropy.configuration.TestConfigurationGenerator"/>
  <testcase name="testSimpleCluster" time="0.003" classname="entropy.configuration.TestConfigurationGenerator"/>
  <testcase name="simpleTest" time="0.010" classname="entropy.configuration.TestConfigurationGenerator"/>
</testsuite> <!-- entropy.configuration.TestConfigurationGenerator -->
