<?xml version="1.0" encoding="UTF-8"?>
<!-- Generated by org.testng.reporters.JUnitReportReporter -->
<testsuite hostname="guillaume-HP-Z200-Workstation" name="entropy.core.packers.FastBinPackerTest" tests="1" failures="0" timestamp="29 Nov 2013 15:46:09 GMT" time="0.167" errors="0">
  <testcase name="testInsertDescreasing" time="0.167" classname="entropy.core.packers.FastBinPackerTest"/>
</testsuite> <!-- entropy.core.packers.FastBinPackerTest -->
