<?xml version="1.0" encoding="UTF-8"?>
<!-- Generated by org.testng.reporters.JUnitReportReporter -->
<testsuite hostname="guillaume-HP-Z200-Workstation" name="entropy.configuration.TestVirtualMachinesSetComparator" tests="1" failures="0" timestamp="29 Nov 2013 15:46:09 GMT" time="0.001" errors="0">
  <testcase name="test1" time="0.001" classname="entropy.configuration.TestVirtualMachinesSetComparator"/>
</testsuite> <!-- entropy.configuration.TestVirtualMachinesSetComparator -->
