<?xml version="1.0" encoding="UTF-8"?>
<!-- Generated by org.testng.reporters.JUnitReportReporter -->
<testsuite hostname="guillaume-HP-Z200-Workstation" name="entropy.configuration.TestResourcePicker" tests="2" failures="0" timestamp="29 Nov 2013 15:46:09 GMT" time="0.000" errors="0">
  <testcase name="testVM" time="0.000" classname="entropy.configuration.TestResourcePicker"/>
  <testcase name="testNode" time="0.000" classname="entropy.configuration.TestResourcePicker"/>
</testsuite> <!-- entropy.configuration.TestResourcePicker -->
