<?xml version="1.0" encoding="UTF-8"?>
<!-- Generated by org.testng.reporters.JUnitReportReporter -->
<testsuite hostname="guillaume-HP-Z200-Workstation" name="entropy.configuration.TestSimpleVirtualMachine" tests="12" failures="0" timestamp="29 Nov 2013 15:46:09 GMT" time="0.004" errors="0">
  <testcase name="testWithNoNeeds" time="0.000" classname="entropy.configuration.TestSimpleVirtualMachine"/>
  <testcase name="testEquals" time="0.000" classname="entropy.configuration.TestSimpleVirtualMachine"/>
  <testcase name="testPlatform" time="0.000" classname="entropy.configuration.TestSimpleVirtualMachine"/>
  <testcase name="testCopyConstructor" time="0.002" classname="entropy.configuration.TestSimpleVirtualMachine"/>
  <testcase name="testLazyConstructors" time="0.001" classname="entropy.configuration.TestSimpleVirtualMachine"/>
  <testcase name="testWithNeeds" time="0.000" classname="entropy.configuration.TestSimpleVirtualMachine"/>
  <testcase name="testNbOfCPUs" time="0.000" classname="entropy.configuration.TestSimpleVirtualMachine"/>
  <testcase name="testTemplate" time="0.000" classname="entropy.configuration.TestSimpleVirtualMachine"/>
  <testcase name="testMemoryTotal" time="0.000" classname="entropy.configuration.TestSimpleVirtualMachine"/>
  <testcase name="testCPUConsumption" time="0.000" classname="entropy.configuration.TestSimpleVirtualMachine"/>
  <testcase name="testToString" time="0.001" classname="entropy.configuration.TestSimpleVirtualMachine"/>
  <testcase name="testCPUMax" time="0.000" classname="entropy.configuration.TestSimpleVirtualMachine"/>
</testsuite> <!-- entropy.configuration.TestSimpleVirtualMachine -->
