<?xml version="1.0" encoding="UTF-8"?>
<!-- Generated by org.testng.reporters.JUnitReportReporter -->
<testsuite hostname="guillaume-HP-Z200-Workstation" name="entropy.configuration.TestManagedElementSets" tests="6" failures="0" timestamp="29 Nov 2013 15:46:09 GMT" time="0.004" errors="0">
  <testcase name="testNodeMin" time="0.000" classname="entropy.configuration.TestManagedElementSets"/>
  <testcase name="testNodeSum" time="0.000" classname="entropy.configuration.TestManagedElementSets"/>
  <testcase name="testSum" time="0.001" classname="entropy.configuration.TestManagedElementSets"/>
  <testcase name="testMax" time="0.003" classname="entropy.configuration.TestManagedElementSets"/>
  <testcase name="testNodeMax" time="0.000" classname="entropy.configuration.TestManagedElementSets"/>
  <testcase name="testMin" time="0.000" classname="entropy.configuration.TestManagedElementSets"/>
</testsuite> <!-- entropy.configuration.TestManagedElementSets -->
