<?xml version="1.0" encoding="UTF-8"?>
<!-- Generated by org.testng.reporters.JUnitReportReporter -->
<testsuite hostname="guillaume-HP-Z200-Workstation" name="entropy.configuration.TestSimpleConfiguration" tests="18" failures="0" timestamp="29 Nov 2013 15:46:09 GMT" time="0.028" errors="0">
  <testcase name="testSetRunOn" time="0.002" classname="entropy.configuration.TestSimpleConfiguration"/>
  <testcase name="testClone" time="0.005" classname="entropy.configuration.TestSimpleConfiguration"/>
  <testcase name="testEquals" time="0.002" classname="entropy.configuration.TestSimpleConfiguration"/>
  <testcase name="testVMStateConsistency" time="0.001" classname="entropy.configuration.TestSimpleConfiguration"/>
  <testcase name="testNotEquals" time="0.004" classname="entropy.configuration.TestSimpleConfiguration"/>
  <testcase name="testGetRunnings" time="0.002" classname="entropy.configuration.TestSimpleConfiguration"/>
  <testcase name="testAddWaiting" time="0.001" classname="entropy.configuration.TestSimpleConfiguration"/>
  <testcase name="testAddOnline" time="0.000" classname="entropy.configuration.TestSimpleConfiguration"/>
  <testcase name="testRemove" time="0.000" classname="entropy.configuration.TestSimpleConfiguration"/>
  <testcase name="testGetWaitings" time="0.001" classname="entropy.configuration.TestSimpleConfiguration"/>
  <testcase name="testAddOffline" time="0.001" classname="entropy.configuration.TestSimpleConfiguration"/>
  <testcase name="testGetSleepings" time="0.001" classname="entropy.configuration.TestSimpleConfiguration"/>
  <testcase name="testAddOnline2" time="0.001" classname="entropy.configuration.TestSimpleConfiguration"/>
  <testcase name="testSetSleepOn" time="0.001" classname="entropy.configuration.TestSimpleConfiguration"/>
  <testcase name="testGetOnlines" time="0.001" classname="entropy.configuration.TestSimpleConfiguration"/>
  <testcase name="testGetLocation" time="0.002" classname="entropy.configuration.TestSimpleConfiguration"/>
  <testcase name="testCopyConstructor" time="0.002" classname="entropy.configuration.TestSimpleConfiguration"/>
  <testcase name="testToString" time="0.001" classname="entropy.configuration.TestSimpleConfiguration"/>
</testsuite> <!-- entropy.configuration.TestSimpleConfiguration -->
