<?xml version="1.0" encoding="UTF-8"?>
<!-- Generated by org.testng.reporters.JUnitReportReporter -->
<testsuite hostname="guillaume-HP-Z200-Workstation" name="entropy.core.heuristics.StickVMsHeuristicTest" tests="2" failures="0" timestamp="29 Nov 2013 15:46:09 GMT" time="0.033" errors="0">
  <testcase name="testVMsByCPUTIMESMemIncreasing" time="0.018" classname="entropy.core.heuristics.StickVMsHeuristicTest"/>
  <testcase name="testSimpleConfigurationRemaining" time="0.015" classname="entropy.core.heuristics.StickVMsHeuristicTest"/>
</testsuite> <!-- entropy.core.heuristics.StickVMsHeuristicTest -->
