<?xml version="1.0" encoding="UTF-8"?>
<!-- Generated by org.testng.reporters.JUnitReportReporter -->
<testsuite hostname="guillaume-HP-Z200-Workstation" name="entropy.configuration.TestConfiguration" tests="16" failures="0" timestamp="29 Nov 2013 15:46:09 GMT" time="0.025" errors="0">
  <testcase name="testGetPosition" time="0.001" classname="entropy.configuration.TestConfiguration"/>
  <testcase name="testRemove" time="0.001" classname="entropy.configuration.TestConfiguration"/>
  <testcase name="testGetRunnings" time="0.002" classname="entropy.configuration.TestConfiguration"/>
  <testcase name="testSetRunOn" time="0.002" classname="entropy.configuration.TestConfiguration"/>
  <testcase name="testAddOffline" time="0.001" classname="entropy.configuration.TestConfiguration"/>
  <testcase name="testNotEquals" time="0.005" classname="entropy.configuration.TestConfiguration"/>
  <testcase name="testAddWaiting" time="0.001" classname="entropy.configuration.TestConfiguration"/>
  <testcase name="testGetSleepings" time="0.001" classname="entropy.configuration.TestConfiguration"/>
  <testcase name="testGetOnlines" time="0.001" classname="entropy.configuration.TestConfiguration"/>
  <testcase name="testAddOnline" time="0.001" classname="entropy.configuration.TestConfiguration"/>
  <testcase name="testGetRunningLocation" time="0.001" classname="entropy.configuration.TestConfiguration"/>
  <testcase name="testGetWaitings" time="0.001" classname="entropy.configuration.TestConfiguration"/>
  <testcase name="testToString" time="0.001" classname="entropy.configuration.TestConfiguration"/>
  <testcase name="testSetSleepOn" time="0.002" classname="entropy.configuration.TestConfiguration"/>
  <testcase name="testEquals" time="0.002" classname="entropy.configuration.TestConfiguration"/>
  <testcase name="testGetSleepingLocation" time="0.002" classname="entropy.configuration.TestConfiguration"/>
</testsuite> <!-- entropy.configuration.TestConfiguration -->
