<?xml version="1.0" encoding="UTF-8"?>
<!-- Generated by org.testng.reporters.JUnitReportReporter -->
<testsuite hostname="guillaume-HP-Z200-Workstation" name="entropy.configuration.parser.TestPlainTextConfigurationSerializer" tests="3" failures="0" timestamp="29 Nov 2013 15:46:09 GMT" time="0.006" errors="0">
  <testcase name="test" time="0.004" classname="entropy.configuration.parser.TestPlainTextConfigurationSerializer"/>
  <testcase name="testUnknownFile" time="0.001" classname="entropy.configuration.parser.TestPlainTextConfigurationSerializer"/>
  <testcase name="testBadContent" time="0.001" classname="entropy.configuration.parser.TestPlainTextConfigurationSerializer"/>
</testsuite> <!-- entropy.configuration.parser.TestPlainTextConfigurationSerializer -->
