<?xml version="1.0" encoding="UTF-8"?>
<!-- Generated by org.testng.reporters.JUnitReportReporter -->
<testsuite hostname="guillaume-HP-Z200-Workstation" name="entropy.configuration.TestVirtualMachineComparator" tests="3" failures="0" timestamp="29 Nov 2013 15:46:09 GMT" time="0.002" errors="0">
  <testcase name="testEquivalent" time="0.002" classname="entropy.configuration.TestVirtualMachineComparator"/>
  <testcase name="testSort" time="0.000" classname="entropy.configuration.TestVirtualMachineComparator"/>
  <testcase name="testNonEquivalent" time="0.000" classname="entropy.configuration.TestVirtualMachineComparator"/>
</testsuite> <!-- entropy.configuration.TestVirtualMachineComparator -->
