<?xml version="1.0" encoding="UTF-8"?>
<!-- Generated by org.testng.reporters.JUnitReportReporter -->
<testsuite hostname="guillaume-HP-Z200-Workstation" name="entropy.configuration.TestSimpleManagedElementSet" tests="12" failures="0" timestamp="29 Nov 2013 15:46:09 GMT" time="0.003" errors="0">
  <testcase name="testSelfContains" time="0.000" classname="entropy.configuration.TestSimpleManagedElementSet"/>
  <testcase name="testEquals" time="0.000" classname="entropy.configuration.TestSimpleManagedElementSet"/>
  <testcase name="testRemove" time="0.000" classname="entropy.configuration.TestSimpleManagedElementSet"/>
  <testcase name="testSet" time="0.000" classname="entropy.configuration.TestSimpleManagedElementSet"/>
  <testcase name="testToString" time="0.001" classname="entropy.configuration.TestSimpleManagedElementSet"/>
  <testcase name="testGetFromName" time="0.001" classname="entropy.configuration.TestSimpleManagedElementSet"/>
  <testcase name="testCopyConstructor" time="0.001" classname="entropy.configuration.TestSimpleManagedElementSet"/>
  <testcase name="testSingleton" time="0.000" classname="entropy.configuration.TestSimpleManagedElementSet"/>
  <testcase name="testAddAll" time="0.000" classname="entropy.configuration.TestSimpleManagedElementSet"/>
  <testcase name="testRetainAll" time="0.000" classname="entropy.configuration.TestSimpleManagedElementSet"/>
  <testcase name="testAdd" time="0.000" classname="entropy.configuration.TestSimpleManagedElementSet"/>
  <testcase name="testClear" time="0.000" classname="entropy.configuration.TestSimpleManagedElementSet"/>
</testsuite> <!-- entropy.configuration.TestSimpleManagedElementSet -->
