<?xml version="1.0" encoding="UTF-8"?>
<!-- Generated by org.testng.reporters.JUnitReportReporter -->
<testsuite hostname="guillaume-HP-Z200-Workstation" name="entropy.core.PowerStateTest" tests="1" failures="0" timestamp="29 Nov 2013 15:46:09 GMT" time="0.034" errors="0">
  <testcase name="smallcentertest" time="0.034" classname="entropy.core.PowerStateTest"/>
</testsuite> <!-- entropy.core.PowerStateTest -->
