<?xml version="1.0" encoding="UTF-8" ?>
<testsuite failures="0" time="1.813" errors="0" skipped="0" tests="91" name="TestSuite">
  <properties>
    <property name="java.runtime.name" value="OpenJDK Runtime Environment"/>
    <property name="sun.boot.library.path" value="/usr/lib/jvm/java-7-openjdk-amd64/jre/lib/amd64"/>
    <property name="java.vm.version" value="23.7-b01"/>
    <property name="java.vm.vendor" value="Oracle Corporation"/>
    <property name="java.vendor.url" value="http://java.oracle.com/"/>
    <property name="path.separator" value=":"/>
    <property name="java.vm.name" value="OpenJDK 64-Bit Server VM"/>
    <property name="file.encoding.pkg" value="sun.io"/>
    <property name="user.country" value="US"/>
    <property name="sun.java.launcher" value="SUN_STANDARD"/>
    <property name="sun.os.patch.level" value="unknown"/>
    <property name="java.vm.specification.name" value="Java Virtual Machine Specification"/>
    <property name="user.dir" value="/home/guillaume/workspace/entropy-base/target/checkout"/>
    <property name="java.runtime.version" value="1.7.0_25-b30"/>
    <property name="java.awt.graphicsenv" value="sun.awt.X11GraphicsEnvironment"/>
    <property name="java.endorsed.dirs" value="/usr/lib/jvm/java-7-openjdk-amd64/jre/lib/endorsed"/>
    <property name="os.arch" value="amd64"/>
    <property name="java.io.tmpdir" value="/tmp"/>
    <property name="line.separator" value="
"/>
    <property name="java.vm.specification.vendor" value="Oracle Corporation"/>
    <property name="os.name" value="Linux"/>
    <property name="classworlds.conf" value="/usr/share/maven2/bin/m2.conf"/>
    <property name="sun.jnu.encoding" value="UTF-8"/>
    <property name="java.library.path" value="/usr/java/packages/lib/amd64:/usr/lib/x86_64-linux-gnu/jni:/lib/x86_64-linux-gnu:/usr/lib/x86_64-linux-gnu:/usr/lib/jni:/lib:/usr/lib"/>
    <property name="java.specification.name" value="Java Platform API Specification"/>
    <property name="java.class.version" value="51.0"/>
    <property name="sun.management.compiler" value="HotSpot 64-Bit Tiered Compilers"/>
    <property name="maven.repo.local" value="/home/guillaume/.m2/repository"/>
    <property name="os.version" value="3.11.0-13-generic"/>
    <property name="user.home" value="/home/guillaume"/>
    <property name="user.timezone" value="Europe/Paris"/>
    <property name="java.awt.printerjob" value="sun.print.PSPrinterJob"/>
    <property name="file.encoding" value="UTF-8"/>
    <property name="java.specification.version" value="1.7"/>
    <property name="user.name" value="guillaume"/>
    <property name="java.class.path" value="/usr/share/maven2/boot/classworlds.jar"/>
    <property name="java.vm.specification.version" value="1.7"/>
    <property name="sun.arch.data.model" value="64"/>
    <property name="java.home" value="/usr/lib/jvm/java-7-openjdk-amd64/jre"/>
    <property name="sun.java.command" value="org.codehaus.classworlds.Launcher &quot;-D&quot; &quot;maven.repo.local=/home/guillaume/.m2/repository&quot; &quot;-s&quot; &quot;/tmp/release-settings1727060016347858671.xml&quot; &quot;-D&quot; &quot;performRelease=true&quot; &quot;-P&quot; &quot;inject-local-repositories,inject-local-repositories&quot; &quot;deploy&quot;"/>
    <property name="java.specification.vendor" value="Oracle Corporation"/>
    <property name="user.language" value="en"/>
    <property name="awt.toolkit" value="sun.awt.X11.XToolkit"/>
    <property name="java.vm.info" value="mixed mode"/>
    <property name="java.version" value="1.7.0_25"/>
    <property name="java.ext.dirs" value="/usr/lib/jvm/java-7-openjdk-amd64/jre/lib/ext:/usr/java/packages/lib/ext"/>
    <property name="securerandom.source" value="file:/dev/./urandom"/>
    <property name="sun.boot.class.path" value="/usr/lib/jvm/java-7-openjdk-amd64/jre/lib/resources.jar:/usr/lib/jvm/java-7-openjdk-amd64/jre/lib/rt.jar:/usr/lib/jvm/java-7-openjdk-amd64/jre/lib/sunrsasign.jar:/usr/lib/jvm/java-7-openjdk-amd64/jre/lib/jsse.jar:/usr/lib/jvm/java-7-openjdk-amd64/jre/lib/jce.jar:/usr/lib/jvm/java-7-openjdk-amd64/jre/lib/charsets.jar:/usr/lib/jvm/java-7-openjdk-amd64/jre/lib/netx.jar:/usr/lib/jvm/java-7-openjdk-amd64/jre/lib/plugin.jar:/usr/lib/jvm/java-7-openjdk-amd64/jre/lib/rhino.jar:/usr/lib/jvm/java-7-openjdk-amd64/jre/lib/jfr.jar:/usr/lib/jvm/java-7-openjdk-amd64/jre/classes"/>
    <property name="java.vendor" value="Oracle Corporation"/>
    <property name="maven.home" value="/usr/share/maven2"/>
    <property name="file.separator" value="/"/>
    <property name="java.vendor.url.bug" value="http://bugreport.sun.com/bugreport/"/>
    <property name="sun.cpu.endian" value="little"/>
    <property name="sun.io.unicode.encoding" value="UnicodeLittle"/>
    <property name="sun.cpu.isalist" value=""/>
    <property name="performRelease" value="true"/>
  </properties>
  <testcase time="0.016" classname="entropy.core.heuristics.StickVMsHeuristicTest" name="testVMsByCPUTIMESMemIncreasing"/>
  <testcase time="0.008" classname="entropy.configuration.TestConfigurationGenerator" name="simpleTest"/>
  <testcase time="0.001" classname="entropy.configuration.TestConfigurationGenerator" name="testBunchOfVMs"/>
  <testcase time="0.003" classname="entropy.configuration.TestConfigurationGenerator" name="testSimpleCluster"/>
  <testcase time="0.002" classname="entropy.configuration.TestManagedElementSets" name="testMax"/>
  <testcase time="0.001" classname="entropy.configuration.TestManagedElementSets" name="testMin"/>
  <testcase time="0" classname="entropy.configuration.TestManagedElementSets" name="testNodeMax"/>
  <testcase time="0" classname="entropy.configuration.TestManagedElementSets" name="testNodeMin"/>
  <testcase time="0" classname="entropy.configuration.TestManagedElementSets" name="testNodeSum"/>
  <testcase time="0" classname="entropy.configuration.TestManagedElementSets" name="testSum"/>
  <testcase time="0" classname="entropy.configuration.TestResourcePicker" name="testNode"/>
  <testcase time="0.001" classname="entropy.configuration.TestResourcePicker" name="testVM"/>
  <testcase time="0" classname="entropy.configuration.TestSimpleVirtualMachine" name="testCPUConsumption"/>
  <testcase time="0" classname="entropy.configuration.TestSimpleVirtualMachine" name="testCPUMax"/>
  <testcase time="0.001" classname="entropy.configuration.TestSimpleVirtualMachine" name="testCopyConstructor"/>
  <testcase time="0" classname="entropy.configuration.TestSimpleVirtualMachine" name="testEquals"/>
  <testcase time="0" classname="entropy.configuration.TestSimpleVirtualMachine" name="testLazyConstructors"/>
  <testcase time="0" classname="entropy.configuration.TestSimpleVirtualMachine" name="testMemoryTotal"/>
  <testcase time="0.001" classname="entropy.configuration.TestSimpleVirtualMachine" name="testNbOfCPUs"/>
  <testcase time="0" classname="entropy.configuration.TestSimpleVirtualMachine" name="testPlatform"/>
  <testcase time="0" classname="entropy.configuration.TestSimpleVirtualMachine" name="testTemplate"/>
  <testcase time="0" classname="entropy.configuration.TestSimpleVirtualMachine" name="testToString"/>
  <testcase time="0" classname="entropy.configuration.TestSimpleVirtualMachine" name="testWithNeeds"/>
  <testcase time="0.001" classname="entropy.configuration.TestSimpleVirtualMachine" name="testWithNoNeeds"/>
  <testcase time="0.006" classname="entropy.configuration.TestVirtualMachineComparator" name="testEquivalent"/>
  <testcase time="0" classname="entropy.configuration.TestVirtualMachineComparator" name="testNonEquivalent"/>
  <testcase time="0" classname="entropy.configuration.TestVirtualMachineComparator" name="testSort"/>
  <testcase time="0" classname="entropy.tools.VMsPerMemTest" name="testSimpleORdering"/>
  <testcase time="0.001" classname="entropy.configuration.TestSimpleManagedElementSet" name="testToString"/>
  <testcase time="0" classname="entropy.configuration.TestSimpleManagedElementSet" name="testEquals"/>
  <testcase time="0" classname="entropy.configuration.TestSimpleManagedElementSet" name="testGetFromName"/>
  <testcase time="0.001" classname="entropy.configuration.TestSimpleManagedElementSet" name="testSelfContains"/>
  <testcase time="0" classname="entropy.configuration.TestSimpleManagedElementSet" name="testRetainAll"/>
  <testcase time="0.001" classname="entropy.configuration.TestSimpleManagedElementSet" name="testCopyConstructor"/>
  <testcase time="0" classname="entropy.configuration.TestSimpleManagedElementSet" name="testSingleton"/>
  <testcase time="0" classname="entropy.configuration.TestSimpleManagedElementSet" name="testClear"/>
  <testcase time="0.001" classname="entropy.configuration.TestSimpleManagedElementSet" name="testAddAll"/>
  <testcase time="0" classname="entropy.configuration.TestSimpleManagedElementSet" name="testSet"/>
  <testcase time="0" classname="entropy.configuration.TestSimpleManagedElementSet" name="testAdd"/>
  <testcase time="0" classname="entropy.configuration.TestSimpleManagedElementSet" name="testRemove"/>
  <testcase time="0.001" classname="entropy.configuration.TestConfiguration" name="testGetSleepingLocation"/>
  <testcase time="0.002" classname="entropy.configuration.TestConfiguration" name="testGetSleepings"/>
  <testcase time="0.001" classname="entropy.configuration.TestConfiguration" name="testGetPosition"/>
  <testcase time="0.001" classname="entropy.configuration.TestConfiguration" name="testSetSleepOn"/>
  <testcase time="0.002" classname="entropy.configuration.TestConfiguration" name="testRemove"/>
  <testcase time="0.002" classname="entropy.configuration.TestConfiguration" name="testToString"/>
  <testcase time="0.001" classname="entropy.configuration.TestConfiguration" name="testAddOffline"/>
  <testcase time="0.001" classname="entropy.configuration.TestConfiguration" name="testGetWaitings"/>
  <testcase time="0.002" classname="entropy.configuration.TestConfiguration" name="testGetRunnings"/>
  <testcase time="0.001" classname="entropy.configuration.TestConfiguration" name="testAddWaiting"/>
  <testcase time="0.001" classname="entropy.configuration.TestConfiguration" name="testAddOnline"/>
  <testcase time="0.004" classname="entropy.configuration.TestConfiguration" name="testNotEquals"/>
  <testcase time="0.001" classname="entropy.configuration.TestConfiguration" name="testGetRunningLocation"/>
  <testcase time="0.001" classname="entropy.configuration.TestConfiguration" name="testSetRunOn"/>
  <testcase time="0.003" classname="entropy.configuration.TestConfiguration" name="testEquals"/>
  <testcase time="0.001" classname="entropy.configuration.TestConfiguration" name="testGetOnlines"/>
  <testcase time="0" classname="entropy.configuration.TestSimpleNode" name="testCPUCapacity"/>
  <testcase time="0" classname="entropy.configuration.TestSimpleNode" name="testCopyConstructor"/>
  <testcase time="0" classname="entropy.configuration.TestSimpleNode" name="testLazyConstructor"/>
  <testcase time="0" classname="entropy.configuration.TestSimpleNode" name="testPlatform"/>
  <testcase time="0" classname="entropy.configuration.TestSimpleNode" name="testIPAddress"/>
  <testcase time="0" classname="entropy.configuration.TestSimpleNode" name="testEquals"/>
  <testcase time="0" classname="entropy.configuration.TestSimpleNode" name="testMemoryTotal"/>
  <testcase time="0" classname="entropy.configuration.TestSimpleNode" name="testNbOfCPUs"/>
  <testcase time="0.002" classname="entropy.configuration.TestSimpleConfiguration" name="testSetRunOn"/>
  <testcase time="0.001" classname="entropy.configuration.TestSimpleConfiguration" name="testAddOffline"/>
  <testcase time="0.001" classname="entropy.configuration.TestSimpleConfiguration" name="testGetLocation"/>
  <testcase time="0.001" classname="entropy.configuration.TestSimpleConfiguration" name="testGetOnlines"/>
  <testcase time="0.001" classname="entropy.configuration.TestSimpleConfiguration" name="testVMStateConsistency"/>
  <testcase time="0.001" classname="entropy.configuration.TestSimpleConfiguration" name="testSetSleepOn"/>
  <testcase time="0.004" classname="entropy.configuration.TestSimpleConfiguration" name="testNotEquals"/>
  <testcase time="0.001" classname="entropy.configuration.TestSimpleConfiguration" name="testToString"/>
  <testcase time="0.001" classname="entropy.configuration.TestSimpleConfiguration" name="testAddWaiting"/>
  <testcase time="0" classname="entropy.configuration.TestSimpleConfiguration" name="testAddOnline"/>
  <testcase time="0.001" classname="entropy.configuration.TestSimpleConfiguration" name="testAddOnline2"/>
  <testcase time="0.001" classname="entropy.configuration.TestSimpleConfiguration" name="testGetWaitings"/>
  <testcase time="0" classname="entropy.configuration.TestSimpleConfiguration" name="testRemove"/>
  <testcase time="0.001" classname="entropy.configuration.TestSimpleConfiguration" name="testGetRunnings"/>
  <testcase time="0.002" classname="entropy.configuration.TestSimpleConfiguration" name="testCopyConstructor"/>
  <testcase time="0.001" classname="entropy.configuration.TestSimpleConfiguration" name="testGetSleepings"/>
  <testcase time="0.005" classname="entropy.configuration.TestSimpleConfiguration" name="testClone"/>
  <testcase time="0.002" classname="entropy.configuration.TestSimpleConfiguration" name="testEquals"/>
  <testcase time="0.002" classname="entropy.configuration.parser.TestPlainTextConfigurationSerializer" name="testUnknownFile"/>
  <testcase time="0.002" classname="entropy.configuration.parser.TestPlainTextConfigurationSerializer" name="testBadContent"/>
  <testcase time="0.004" classname="entropy.configuration.parser.TestPlainTextConfigurationSerializer" name="test"/>
  <testcase time="0.132" classname="entropy.core.packers.TestFastBinPacking" name="testGuillaume"/>
  <testcase time="0.433" classname="entropy.core.packers.TestFastBinPacking" name="testLoadSup"/>
  <testcase time="0.001" classname="entropy.configuration.TestVirtualMachinesSetComparator" name="test1"/>
  <testcase time="0.167" classname="entropy.core.packers.FastBinPackerTest" name="testInsertDescreasing"/>
  <testcase time="0.034" classname="entropy.core.PowerStateTest" name="smallcentertest"/>
  <testcase time="0.016" classname="entropy.core.heuristics.StickVMsHeuristicTest" name="testSimpleConfigurationRemaining"/>
</testsuite>