<?xml version="1.0" encoding="UTF-8"?>
<!-- Generated by org.testng.reporters.JUnitReportReporter -->
<testsuite hostname="guillaume-HP-Z200-Workstation" name="fr.emn.optiplace.configuration.graphics.Square2DTest" tests="4" failures="0" timestamp="4 Apr 2014 08:28:17 GMT" time="0.014" errors="0">
  <testcase name="testSurfacePerimeter" time="0.012" classname="fr.emn.optiplace.configuration.graphics.Square2DTest"/>
  <testcase name="testSurfacePerimeter" time="0.001" classname="fr.emn.optiplace.configuration.graphics.Square2DTest"/>
  <testcase name="testSurfacePerimeter" time="0.001" classname="fr.emn.optiplace.configuration.graphics.Square2DTest"/>
  <testcase name="testSurfacePerimeter" time="0.000" classname="fr.emn.optiplace.configuration.graphics.Square2DTest"/>
</testsuite> <!-- fr.emn.optiplace.configuration.graphics.Square2DTest -->
