<?xml version="1.0" encoding="UTF-8" ?>
<testsuite failures="0" time="1.634" errors="0" skipped="0" tests="83" name="TestSuite">
  <properties>
    <property name="java.runtime.name" value="OpenJDK Runtime Environment"/>
    <property name="sun.boot.library.path" value="/usr/lib/jvm/java-7-openjdk-amd64/jre/lib/amd64"/>
    <property name="java.vm.version" value="24.45-b08"/>
    <property name="java.vm.vendor" value="Oracle Corporation"/>
    <property name="java.vendor.url" value="http://java.oracle.com/"/>
    <property name="path.separator" value=":"/>
    <property name="guice.disable.misplaced.annotation.check" value="true"/>
    <property name="java.vm.name" value="OpenJDK 64-Bit Server VM"/>
    <property name="file.encoding.pkg" value="sun.io"/>
    <property name="user.country" value="US"/>
    <property name="sun.java.launcher" value="SUN_STANDARD"/>
    <property name="sun.os.patch.level" value="unknown"/>
    <property name="java.vm.specification.name" value="Java Virtual Machine Specification"/>
    <property name="user.dir" value="/home/guillaume/workspace/optiplace-base"/>
    <property name="java.runtime.version" value="1.7.0_51-b00"/>
    <property name="java.awt.graphicsenv" value="sun.awt.X11GraphicsEnvironment"/>
    <property name="java.endorsed.dirs" value="/usr/lib/jvm/java-7-openjdk-amd64/jre/lib/endorsed"/>
    <property name="os.arch" value="amd64"/>
    <property name="java.io.tmpdir" value="/tmp"/>
    <property name="line.separator" value="
"/>
    <property name="java.vm.specification.vendor" value="Oracle Corporation"/>
    <property name="os.name" value="Linux"/>
    <property name="classworlds.conf" value="/home/guillaume/workspace/.metadata/.plugins/org.eclipse.m2e.launching/launches/m2conf7002961413250936014.tmp"/>
    <property name="sun.jnu.encoding" value="UTF-8"/>
    <property name="java.library.path" value="/usr/lib32:/usr/java/packages/lib/amd64:/usr/lib/x86_64-linux-gnu/jni:/lib/x86_64-linux-gnu:/usr/lib/x86_64-linux-gnu:/usr/lib/jni:/lib:/usr/lib"/>
    <property name="java.specification.name" value="Java Platform API Specification"/>
    <property name="java.class.version" value="51.0"/>
    <property name="sun.management.compiler" value="HotSpot 64-Bit Tiered Compilers"/>
    <property name="os.version" value="3.11.0-15-generic"/>
    <property name="user.home" value="/home/guillaume"/>
    <property name="user.timezone" value="Europe/Paris"/>
    <property name="java.awt.printerjob" value="sun.print.PSPrinterJob"/>
    <property name="file.encoding" value="UTF-8"/>
    <property name="java.specification.version" value="1.7"/>
    <property name="user.name" value="guillaume"/>
    <property name="java.class.path" value="/home/guillaume/bin/eclipse4.3/configuration/org.eclipse.osgi/bundles/907/1/.cp/jars/plexus-classworlds-2.4.jar"/>
    <property name="java.vm.specification.version" value="1.7"/>
    <property name="sun.arch.data.model" value="64"/>
    <property name="java.home" value="/usr/lib/jvm/java-7-openjdk-amd64/jre"/>
    <property name="sun.java.command" value="org.codehaus.plexus.classworlds.launcher.Launcher -B -s /home/guillaume/.m2/settings.xml install"/>
    <property name="java.specification.vendor" value="Oracle Corporation"/>
    <property name="user.language" value="en"/>
    <property name="awt.toolkit" value="sun.awt.X11.XToolkit"/>
    <property name="java.vm.info" value="mixed mode"/>
    <property name="java.version" value="1.7.0_51"/>
    <property name="java.ext.dirs" value="/usr/lib/jvm/java-7-openjdk-amd64/jre/lib/ext:/usr/java/packages/lib/ext"/>
    <property name="securerandom.source" value="file:/dev/./urandom"/>
    <property name="sun.boot.class.path" value="/usr/lib/jvm/java-7-openjdk-amd64/jre/lib/resources.jar:/usr/lib/jvm/java-7-openjdk-amd64/jre/lib/rt.jar:/usr/lib/jvm/java-7-openjdk-amd64/jre/lib/sunrsasign.jar:/usr/lib/jvm/java-7-openjdk-amd64/jre/lib/jsse.jar:/usr/lib/jvm/java-7-openjdk-amd64/jre/lib/jce.jar:/usr/lib/jvm/java-7-openjdk-amd64/jre/lib/charsets.jar:/usr/lib/jvm/java-7-openjdk-amd64/jre/lib/netx.jar:/usr/lib/jvm/java-7-openjdk-amd64/jre/lib/plugin.jar:/usr/lib/jvm/java-7-openjdk-amd64/jre/lib/rhino.jar:/usr/lib/jvm/java-7-openjdk-amd64/jre/lib/jfr.jar:/usr/lib/jvm/java-7-openjdk-amd64/jre/classes"/>
    <property name="java.vendor" value="Oracle Corporation"/>
    <property name="maven.home" value="/home/guillaume/workspace/optiplace-base/EMBEDDED"/>
    <property name="file.separator" value="/"/>
    <property name="java.vendor.url.bug" value="http://bugreport.sun.com/bugreport/"/>
    <property name="maven.bootclasspath" value="/home/guillaume/bin/eclipse4.3/configuration/org.eclipse.osgi/bundles/907/1/.cp/jars/plexus-classworlds-2.4.jar"/>
    <property name="sun.cpu.endian" value="little"/>
    <property name="sun.io.unicode.encoding" value="UnicodeLittle"/>
    <property name="sun.desktop" value="gnome"/>
    <property name="sun.cpu.isalist" value=""/>
  </properties>
  <testcase time="0.01" classname="fr.emn.optiplace.core.heuristics.StickVMsHeuristicTest" name="testVMsByCPUTIMESMemIncreasing"/>
  <testcase time="0.001" classname="fr.emn.optiplace.tools.VMsPerMemTest" name="testSimpleORdering"/>
  <testcase time="0.011" classname="fr.emn.optiplace.configuration.TestSimpleConfiguration" name="testGetWaitings"/>
  <testcase time="0.004" classname="fr.emn.optiplace.configuration.TestSimpleConfiguration" name="testClone"/>
  <testcase time="0" classname="fr.emn.optiplace.configuration.TestSimpleConfiguration" name="testRemove"/>
  <testcase time="0.001" classname="fr.emn.optiplace.configuration.TestSimpleConfiguration" name="testGetRunnings"/>
  <testcase time="0.001" classname="fr.emn.optiplace.configuration.TestSimpleConfiguration" name="testAddOffline"/>
  <testcase time="0.001" classname="fr.emn.optiplace.configuration.TestSimpleConfiguration" name="testGetOnlines"/>
  <testcase time="0.001" classname="fr.emn.optiplace.configuration.TestSimpleConfiguration" name="testGetSleepings"/>
  <testcase time="0.001" classname="fr.emn.optiplace.configuration.TestSimpleConfiguration" name="testVMStateConsistency"/>
  <testcase time="0.002" classname="fr.emn.optiplace.configuration.TestSimpleConfiguration" name="testSetRunOn"/>
  <testcase time="0.001" classname="fr.emn.optiplace.configuration.TestSimpleConfiguration" name="testAddWaiting"/>
  <testcase time="0.002" classname="fr.emn.optiplace.configuration.TestSimpleConfiguration" name="testEquals"/>
  <testcase time="0.001" classname="fr.emn.optiplace.configuration.TestSimpleConfiguration" name="testToString"/>
  <testcase time="0.001" classname="fr.emn.optiplace.configuration.TestSimpleConfiguration" name="testAddOnline2"/>
  <testcase time="0.001" classname="fr.emn.optiplace.configuration.TestSimpleConfiguration" name="testSetSleepOn"/>
  <testcase time="0.001" classname="fr.emn.optiplace.configuration.TestSimpleConfiguration" name="testGetLocation"/>
  <testcase time="0" classname="fr.emn.optiplace.configuration.TestSimpleConfiguration" name="testAddOnline"/>
  <testcase time="0.001" classname="fr.emn.optiplace.configuration.TestSimpleConfiguration" name="testCopyConstructor"/>
  <testcase time="0.003" classname="fr.emn.optiplace.configuration.TestSimpleConfiguration" name="testNotEquals"/>
  <testcase time="0.003" classname="fr.emn.optiplace.configuration.TestVirtualMachineComparator" name="testEquivalent"/>
  <testcase time="0.001" classname="fr.emn.optiplace.configuration.TestVirtualMachineComparator" name="testSort"/>
  <testcase time="0" classname="fr.emn.optiplace.configuration.TestVirtualMachineComparator" name="testNonEquivalent"/>
  <testcase time="0" classname="fr.emn.optiplace.configuration.TestSimpleVirtualMachine" name="testCopyConstructor"/>
  <testcase time="0" classname="fr.emn.optiplace.configuration.TestSimpleVirtualMachine" name="testWithNoNeeds"/>
  <testcase time="0" classname="fr.emn.optiplace.configuration.TestSimpleVirtualMachine" name="testCPUConsumption"/>
  <testcase time="0" classname="fr.emn.optiplace.configuration.TestSimpleVirtualMachine" name="testTemplate"/>
  <testcase time="0" classname="fr.emn.optiplace.configuration.TestSimpleVirtualMachine" name="testToString"/>
  <testcase time="0" classname="fr.emn.optiplace.configuration.TestSimpleVirtualMachine" name="testWithNeeds"/>
  <testcase time="0" classname="fr.emn.optiplace.configuration.TestSimpleVirtualMachine" name="testPlatform"/>
  <testcase time="0" classname="fr.emn.optiplace.configuration.TestSimpleVirtualMachine" name="testEquals"/>
  <testcase time="0" classname="fr.emn.optiplace.configuration.TestSimpleVirtualMachine" name="testCPUMax"/>
  <testcase time="0" classname="fr.emn.optiplace.configuration.TestSimpleVirtualMachine" name="testNbOfCPUs"/>
  <testcase time="0" classname="fr.emn.optiplace.configuration.TestSimpleVirtualMachine" name="testLazyConstructors"/>
  <testcase time="0" classname="fr.emn.optiplace.configuration.TestSimpleVirtualMachine" name="testMemoryTotal"/>
  <testcase time="0.001" classname="fr.emn.optiplace.configuration.TestConfiguration" name="testGetOnlines"/>
  <testcase time="0.001" classname="fr.emn.optiplace.configuration.TestConfiguration" name="testAddOffline"/>
  <testcase time="0.001" classname="fr.emn.optiplace.configuration.TestConfiguration" name="testGetSleepingLocation"/>
  <testcase time="0.001" classname="fr.emn.optiplace.configuration.TestConfiguration" name="testGetSleepings"/>
  <testcase time="0.001" classname="fr.emn.optiplace.configuration.TestConfiguration" name="testSetSleepOn"/>
  <testcase time="0.001" classname="fr.emn.optiplace.configuration.TestConfiguration" name="testRemove"/>
  <testcase time="0.001" classname="fr.emn.optiplace.configuration.TestConfiguration" name="testGetRunnings"/>
  <testcase time="0.001" classname="fr.emn.optiplace.configuration.TestConfiguration" name="testGetWaitings"/>
  <testcase time="0.001" classname="fr.emn.optiplace.configuration.TestConfiguration" name="testGetRunningLocation"/>
  <testcase time="0.001" classname="fr.emn.optiplace.configuration.TestConfiguration" name="testSetRunOn"/>
  <testcase time="0.004" classname="fr.emn.optiplace.configuration.TestConfiguration" name="testNotEquals"/>
  <testcase time="0.001" classname="fr.emn.optiplace.configuration.TestConfiguration" name="testAddWaiting"/>
  <testcase time="0.001" classname="fr.emn.optiplace.configuration.TestConfiguration" name="testAddOnline"/>
  <testcase time="0.001" classname="fr.emn.optiplace.configuration.TestConfiguration" name="testToString"/>
  <testcase time="0.002" classname="fr.emn.optiplace.configuration.TestConfiguration" name="testEquals"/>
  <testcase time="0" classname="fr.emn.optiplace.configuration.TestConfiguration" name="testGetPosition"/>
  <testcase time="0" classname="fr.emn.optiplace.configuration.TestResourcePicker" name="testVM"/>
  <testcase time="0.001" classname="fr.emn.optiplace.configuration.TestResourcePicker" name="testNode"/>
  <testcase time="0" classname="fr.emn.optiplace.configuration.TestSimpleNode" name="testEquals"/>
  <testcase time="0" classname="fr.emn.optiplace.configuration.TestSimpleNode" name="testMemoryTotal"/>
  <testcase time="0" classname="fr.emn.optiplace.configuration.TestSimpleNode" name="testPlatform"/>
  <testcase time="0" classname="fr.emn.optiplace.configuration.TestSimpleNode" name="testLazyConstructor"/>
  <testcase time="0" classname="fr.emn.optiplace.configuration.TestSimpleNode" name="testIPAddress"/>
  <testcase time="0" classname="fr.emn.optiplace.configuration.TestSimpleNode" name="testNbOfCPUs"/>
  <testcase time="0" classname="fr.emn.optiplace.configuration.TestSimpleNode" name="testCopyConstructor"/>
  <testcase time="0" classname="fr.emn.optiplace.configuration.TestSimpleNode" name="testCPUCapacity"/>
  <testcase time="0.001" classname="fr.emn.optiplace.configuration.TestSimpleManagedElementSet" name="testEquals"/>
  <testcase time="0" classname="fr.emn.optiplace.configuration.TestSimpleManagedElementSet" name="testAddAll"/>
  <testcase time="0" classname="fr.emn.optiplace.configuration.TestSimpleManagedElementSet" name="testGetFromName"/>
  <testcase time="0" classname="fr.emn.optiplace.configuration.TestSimpleManagedElementSet" name="testAdd"/>
  <testcase time="0" classname="fr.emn.optiplace.configuration.TestSimpleManagedElementSet" name="testRetainAll"/>
  <testcase time="0.001" classname="fr.emn.optiplace.configuration.TestSimpleManagedElementSet" name="testSelfContains"/>
  <testcase time="0" classname="fr.emn.optiplace.configuration.TestSimpleManagedElementSet" name="testRemove"/>
  <testcase time="0" classname="fr.emn.optiplace.configuration.TestSimpleManagedElementSet" name="testSet"/>
  <testcase time="0" classname="fr.emn.optiplace.configuration.TestSimpleManagedElementSet" name="testSingleton"/>
  <testcase time="0" classname="fr.emn.optiplace.configuration.TestSimpleManagedElementSet" name="testCopyConstructor"/>
  <testcase time="0" classname="fr.emn.optiplace.configuration.TestSimpleManagedElementSet" name="testClear"/>
  <testcase time="0.004" classname="fr.emn.optiplace.configuration.parser.TestPlainTextConfigurationSerializer" name="test"/>
  <testcase time="0.001" classname="fr.emn.optiplace.configuration.parser.TestPlainTextConfigurationSerializer" name="testBadContent"/>
  <testcase time="0.001" classname="fr.emn.optiplace.configuration.parser.TestPlainTextConfigurationSerializer" name="testUnknownFile"/>
  <testcase time="0.001" classname="fr.emn.optiplace.configuration.TestConfigurationGenerator" name="testBunchOfVMs"/>
  <testcase time="0" classname="fr.emn.optiplace.configuration.TestConfigurationGenerator" name="testSimpleCluster"/>
  <testcase time="0" classname="fr.emn.optiplace.configuration.TestConfigurationGenerator" name="simpleTest"/>
  <testcase time="0.144" classname="fr.emn.optiplace.core.PowerStateTest" name="smallcentertest"/>
  <testcase time="0.149" classname="fr.emn.optiplace.core.packers.FastBinPackerTest" name="testInsertDescreasing"/>
  <testcase time="0.409" classname="fr.emn.optiplace.core.packers.TestFastBinPacking" name="testLoadSup"/>
  <testcase time="0.019" classname="fr.emn.optiplace.core.packers.TestFastBinPacking" name="testGuillaume"/>
  <testcase time="0.011" classname="fr.emn.optiplace.core.heuristics.StickVMsHeuristicTest" name="testSimpleConfigurationRemaining"/>
</testsuite>