<?xml version="1.0" encoding="UTF-8"?>
<!-- Generated by org.testng.reporters.JUnitReportReporter -->
<testsuite hostname="guillaume-HP-Z200-Workstation" name="fr.emn.optiplace.core.packers.FastBinPackerTest" tests="1" failures="0" timestamp="18 Feb 2014 15:19:26 GMT" time="0.149" errors="0">
  <testcase name="testInsertDescreasing" time="0.149" classname="fr.emn.optiplace.core.packers.FastBinPackerTest"/>
</testsuite> <!-- fr.emn.optiplace.core.packers.FastBinPackerTest -->
