<?xml version="1.0" encoding="UTF-8"?>
<!-- Generated by org.testng.reporters.JUnitReportReporter -->
<testsuite hostname="guillaume-HP-Z200-Workstation" name="fr.emn.optiplace.configuration.TestSimpleVirtualMachine" tests="12" failures="0" timestamp="18 Feb 2014 15:19:26 GMT" time="0.003" errors="0">
  <testcase name="testNbOfCPUs" time="0.000" classname="fr.emn.optiplace.configuration.TestSimpleVirtualMachine"/>
  <testcase name="testCopyConstructor" time="0.000" classname="fr.emn.optiplace.configuration.TestSimpleVirtualMachine"/>
  <testcase name="testLazyConstructors" time="0.001" classname="fr.emn.optiplace.configuration.TestSimpleVirtualMachine"/>
  <testcase name="testCPUConsumption" time="0.000" classname="fr.emn.optiplace.configuration.TestSimpleVirtualMachine"/>
  <testcase name="testMemoryTotal" time="0.000" classname="fr.emn.optiplace.configuration.TestSimpleVirtualMachine"/>
  <testcase name="testWithNeeds" time="0.000" classname="fr.emn.optiplace.configuration.TestSimpleVirtualMachine"/>
  <testcase name="testCPUMax" time="0.000" classname="fr.emn.optiplace.configuration.TestSimpleVirtualMachine"/>
  <testcase name="testToString" time="0.001" classname="fr.emn.optiplace.configuration.TestSimpleVirtualMachine"/>
  <testcase name="testWithNoNeeds" time="0.000" classname="fr.emn.optiplace.configuration.TestSimpleVirtualMachine"/>
  <testcase name="testEquals" time="0.001" classname="fr.emn.optiplace.configuration.TestSimpleVirtualMachine"/>
  <testcase name="testPlatform" time="0.000" classname="fr.emn.optiplace.configuration.TestSimpleVirtualMachine"/>
  <testcase name="testTemplate" time="0.000" classname="fr.emn.optiplace.configuration.TestSimpleVirtualMachine"/>
</testsuite> <!-- fr.emn.optiplace.configuration.TestSimpleVirtualMachine -->
