<?xml version="1.0" encoding="UTF-8"?>
<!-- Generated by org.testng.reporters.JUnitReportReporter -->
<testsuite hostname="guillaume-HP-Z200-Workstation" name="fr.emn.optiplace.core.PowerStateTest" tests="1" failures="0" timestamp="18 Feb 2014 15:19:26 GMT" time="0.144" errors="0">
  <testcase name="smallcentertest" time="0.144" classname="fr.emn.optiplace.core.PowerStateTest"/>
</testsuite> <!-- fr.emn.optiplace.core.PowerStateTest -->
