<?xml version="1.0" encoding="UTF-8"?>
<!-- Generated by org.testng.reporters.JUnitReportReporter -->
<testsuite hostname="guillaume-HP-Z200-Workstation" name="fr.emn.optiplace.configuration.TestResourcePicker" tests="2" failures="0" timestamp="18 Feb 2014 15:19:26 GMT" time="0.001" errors="0">
  <testcase name="testVM" time="0.000" classname="fr.emn.optiplace.configuration.TestResourcePicker"/>
  <testcase name="testNode" time="0.001" classname="fr.emn.optiplace.configuration.TestResourcePicker"/>
</testsuite> <!-- fr.emn.optiplace.configuration.TestResourcePicker -->
