<?xml version="1.0" encoding="UTF-8"?>
<!-- Generated by org.testng.reporters.JUnitReportReporter -->
<testsuite hostname="guillaume-HP-Z200-Workstation" name="fr.emn.optiplace.configuration.TestConfiguration" tests="16" failures="0" timestamp="18 Feb 2014 15:19:26 GMT" time="0.015" errors="0">
  <testcase name="testGetSleepings" time="0.000" classname="fr.emn.optiplace.configuration.TestConfiguration"/>
  <testcase name="testAddWaiting" time="0.001" classname="fr.emn.optiplace.configuration.TestConfiguration"/>
  <testcase name="testGetSleepingLocation" time="0.000" classname="fr.emn.optiplace.configuration.TestConfiguration"/>
  <testcase name="testGetRunningLocation" time="0.001" classname="fr.emn.optiplace.configuration.TestConfiguration"/>
  <testcase name="testGetWaitings" time="0.001" classname="fr.emn.optiplace.configuration.TestConfiguration"/>
  <testcase name="testGetRunnings" time="0.001" classname="fr.emn.optiplace.configuration.TestConfiguration"/>
  <testcase name="testAddOffline" time="0.001" classname="fr.emn.optiplace.configuration.TestConfiguration"/>
  <testcase name="testGetOnlines" time="0.001" classname="fr.emn.optiplace.configuration.TestConfiguration"/>
  <testcase name="testAddOnline" time="0.001" classname="fr.emn.optiplace.configuration.TestConfiguration"/>
  <testcase name="testGetPosition" time="0.000" classname="fr.emn.optiplace.configuration.TestConfiguration"/>
  <testcase name="testSetRunOn" time="0.001" classname="fr.emn.optiplace.configuration.TestConfiguration"/>
  <testcase name="testRemove" time="0.001" classname="fr.emn.optiplace.configuration.TestConfiguration"/>
  <testcase name="testToString" time="0.001" classname="fr.emn.optiplace.configuration.TestConfiguration"/>
  <testcase name="testSetSleepOn" time="0.001" classname="fr.emn.optiplace.configuration.TestConfiguration"/>
  <testcase name="testNotEquals" time="0.003" classname="fr.emn.optiplace.configuration.TestConfiguration"/>
  <testcase name="testEquals" time="0.001" classname="fr.emn.optiplace.configuration.TestConfiguration"/>
</testsuite> <!-- fr.emn.optiplace.configuration.TestConfiguration -->
