<?xml version="1.0" encoding="UTF-8"?>
<!-- Generated by org.testng.reporters.JUnitReportReporter -->
<testsuite hostname="guillaume-HP-Z200-Workstation" name="fr.emn.optiplace.configuration.TestConfigurationGenerator" tests="3" failures="0" timestamp="18 Feb 2014 15:19:26 GMT" time="0.003" errors="0">
  <testcase name="simpleTest" time="0.001" classname="fr.emn.optiplace.configuration.TestConfigurationGenerator"/>
  <testcase name="testSimpleCluster" time="0.001" classname="fr.emn.optiplace.configuration.TestConfigurationGenerator"/>
  <testcase name="testBunchOfVMs" time="0.001" classname="fr.emn.optiplace.configuration.TestConfigurationGenerator"/>
</testsuite> <!-- fr.emn.optiplace.configuration.TestConfigurationGenerator -->
