<?xml version="1.0" encoding="UTF-8"?>
<!-- Generated by org.testng.reporters.JUnitReportReporter -->
<testsuite hostname="guillaume-HP-Z200-Workstation" name="fr.emn.optiplace.tools.VMsPerMemTest" tests="1" failures="0" timestamp="18 Feb 2014 15:19:26 GMT" time="0.002" errors="0">
  <testcase name="testSimpleORdering" time="0.002" classname="fr.emn.optiplace.tools.VMsPerMemTest"/>
</testsuite> <!-- fr.emn.optiplace.tools.VMsPerMemTest -->
