<?xml version="1.0" encoding="UTF-8"?>
<!-- Generated by org.testng.reporters.JUnitReportReporter -->
<testsuite hostname="guillaume-HP-Z200-Workstation" name="fr.emn.optiplace.configuration.TestVirtualMachineComparator" tests="3" failures="0" timestamp="18 Feb 2014 15:19:26 GMT" time="0.003" errors="0">
  <testcase name="testEquivalent" time="0.003" classname="fr.emn.optiplace.configuration.TestVirtualMachineComparator"/>
  <testcase name="testNonEquivalent" time="0.000" classname="fr.emn.optiplace.configuration.TestVirtualMachineComparator"/>
  <testcase name="testSort" time="0.000" classname="fr.emn.optiplace.configuration.TestVirtualMachineComparator"/>
</testsuite> <!-- fr.emn.optiplace.configuration.TestVirtualMachineComparator -->
