<?xml version="1.0" encoding="UTF-8"?>
<!-- Generated by org.testng.reporters.JUnitReportReporter -->
<testsuite hostname="guillaume-HP-Z200-Workstation" name="fr.emn.optiplace.configuration.TestSimpleManagedElementSet" tests="11" failures="0" timestamp="18 Feb 2014 15:19:26 GMT" time="0.002" errors="0">
  <testcase name="testSelfContains" time="0.000" classname="fr.emn.optiplace.configuration.TestSimpleManagedElementSet"/>
  <testcase name="testRemove" time="0.000" classname="fr.emn.optiplace.configuration.TestSimpleManagedElementSet"/>
  <testcase name="testEquals" time="0.000" classname="fr.emn.optiplace.configuration.TestSimpleManagedElementSet"/>
  <testcase name="testCopyConstructor" time="0.000" classname="fr.emn.optiplace.configuration.TestSimpleManagedElementSet"/>
  <testcase name="testRetainAll" time="0.000" classname="fr.emn.optiplace.configuration.TestSimpleManagedElementSet"/>
  <testcase name="testAddAll" time="0.000" classname="fr.emn.optiplace.configuration.TestSimpleManagedElementSet"/>
  <testcase name="testClear" time="0.001" classname="fr.emn.optiplace.configuration.TestSimpleManagedElementSet"/>
  <testcase name="testGetFromName" time="0.000" classname="fr.emn.optiplace.configuration.TestSimpleManagedElementSet"/>
  <testcase name="testSingleton" time="0.000" classname="fr.emn.optiplace.configuration.TestSimpleManagedElementSet"/>
  <testcase name="testAdd" time="0.001" classname="fr.emn.optiplace.configuration.TestSimpleManagedElementSet"/>
  <testcase name="testSet" time="0.000" classname="fr.emn.optiplace.configuration.TestSimpleManagedElementSet"/>
</testsuite> <!-- fr.emn.optiplace.configuration.TestSimpleManagedElementSet -->
