<?xml version="1.0" encoding="UTF-8"?>
<!-- Generated by org.testng.reporters.JUnitReportReporter -->
<testsuite hostname="guillaume-HP-Z200-Workstation" name="fr.emn.optiplace.configuration.TestVirtualMachinesSetComparator" tests="1" failures="0" timestamp="17 Feb 2014 13:56:05 GMT" time="0.002" errors="0">
  <testcase name="test1" time="0.002" classname="fr.emn.optiplace.configuration.TestVirtualMachinesSetComparator"/>
</testsuite> <!-- fr.emn.optiplace.configuration.TestVirtualMachinesSetComparator -->
