<?xml version="1.0" encoding="UTF-8"?>
<!-- Generated by org.testng.reporters.JUnitReportReporter -->
<testsuite hostname="guillaume-HP-Z200-Workstation" name="fr.emn.optiplace.configuration.TestSimpleNode" tests="8" failures="0" timestamp="18 Feb 2014 15:19:26 GMT" time="0.002" errors="0">
  <testcase name="testPlatform" time="0.001" classname="fr.emn.optiplace.configuration.TestSimpleNode"/>
  <testcase name="testIPAddress" time="0.000" classname="fr.emn.optiplace.configuration.TestSimpleNode"/>
  <testcase name="testEquals" time="0.000" classname="fr.emn.optiplace.configuration.TestSimpleNode"/>
  <testcase name="testNbOfCPUs" time="0.000" classname="fr.emn.optiplace.configuration.TestSimpleNode"/>
  <testcase name="testMemoryTotal" time="0.000" classname="fr.emn.optiplace.configuration.TestSimpleNode"/>
  <testcase name="testLazyConstructor" time="0.000" classname="fr.emn.optiplace.configuration.TestSimpleNode"/>
  <testcase name="testCopyConstructor" time="0.000" classname="fr.emn.optiplace.configuration.TestSimpleNode"/>
  <testcase name="testCPUCapacity" time="0.001" classname="fr.emn.optiplace.configuration.TestSimpleNode"/>
</testsuite> <!-- fr.emn.optiplace.configuration.TestSimpleNode -->
