<?xml version="1.0" encoding="UTF-8"?>
<!-- Generated by org.testng.reporters.JUnitReportReporter -->
<testsuite hostname="guillaume-HP-Z200-Workstation" name="fr.emn.optiplace.configuration.parser.TestPlainTextConfigurationSerializer" tests="3" failures="0" timestamp="18 Feb 2014 15:19:26 GMT" time="0.005" errors="0">
  <testcase name="testBadContent" time="0.001" classname="fr.emn.optiplace.configuration.parser.TestPlainTextConfigurationSerializer"/>
  <testcase name="testUnknownFile" time="0.000" classname="fr.emn.optiplace.configuration.parser.TestPlainTextConfigurationSerializer"/>
  <testcase name="test" time="0.004" classname="fr.emn.optiplace.configuration.parser.TestPlainTextConfigurationSerializer"/>
</testsuite> <!-- fr.emn.optiplace.configuration.parser.TestPlainTextConfigurationSerializer -->
