<?xml version="1.0" encoding="UTF-8"?>
<!-- Generated by org.testng.reporters.JUnitReportReporter -->
<testsuite hostname="guillaume-HP-Z200-Workstation" name="fr.emn.optiplace.core.packers.TestFastBinPacking" tests="2" failures="0" timestamp="18 Feb 2014 15:19:26 GMT" time="0.427" errors="0">
  <testcase name="testLoadSup" time="0.409" classname="fr.emn.optiplace.core.packers.TestFastBinPacking"/>
  <testcase name="testGuillaume" time="0.018" classname="fr.emn.optiplace.core.packers.TestFastBinPacking"/>
</testsuite> <!-- fr.emn.optiplace.core.packers.TestFastBinPacking -->
