<?xml version="1.0" encoding="UTF-8"?>
<!-- Generated by org.testng.reporters.JUnitReportReporter -->
<testsuite hostname="guillaume-HP-Z200-Workstation" name="fr.emn.optiplace.configuration.TestManagedElementSets" tests="6" failures="0" timestamp="17 Feb 2014 13:56:05 GMT" time="0.001" errors="0">
  <testcase name="testNodeMax" time="0.000" classname="fr.emn.optiplace.configuration.TestManagedElementSets"/>
  <testcase name="testSum" time="0.000" classname="fr.emn.optiplace.configuration.TestManagedElementSets"/>
  <testcase name="testMin" time="0.000" classname="fr.emn.optiplace.configuration.TestManagedElementSets"/>
  <testcase name="testNodeSum" time="0.001" classname="fr.emn.optiplace.configuration.TestManagedElementSets"/>
  <testcase name="testNodeMin" time="0.000" classname="fr.emn.optiplace.configuration.TestManagedElementSets"/>
  <testcase name="testMax" time="0.000" classname="fr.emn.optiplace.configuration.TestManagedElementSets"/>
</testsuite> <!-- fr.emn.optiplace.configuration.TestManagedElementSets -->
