<?xml version="1.0" encoding="UTF-8"?>
<!-- Generated by org.testng.reporters.JUnitReportReporter -->
<testsuite hostname="guillaume-HP-Z200-Workstation" name="fr.emn.optiplace.core.heuristics.StickVMsHeuristicTest" tests="2" failures="0" timestamp="18 Feb 2014 15:19:26 GMT" time="0.023" errors="0">
  <testcase name="testSimpleConfigurationRemaining" time="0.011" classname="fr.emn.optiplace.core.heuristics.StickVMsHeuristicTest"/>
  <testcase name="testVMsByCPUTIMESMemIncreasing" time="0.012" classname="fr.emn.optiplace.core.heuristics.StickVMsHeuristicTest"/>
</testsuite> <!-- fr.emn.optiplace.core.heuristics.StickVMsHeuristicTest -->
